<?xml version="1.0" encoding="UTF-8"?>
<testsuite xmlns:xsi="http://www.w3.org/2001/XMLSchema-instance" xsi:noNamespaceSchemaLocation="https://maven.apache.org/surefire/maven-surefire-plugin/xsd/surefire-test-report-3.0.xsd" version="3.0" name="TestSuite" time="558.688" tests="1" errors="0" skipped="0" failures="0">
  <properties>
[...]
</properties>
  <testcase name="runScenario[&quot;Check the Internet Speed in a particular time interval&quot;, &quot;Optional[Check the Internet Speed]&quot;](1)" classname="testRunner.TestRunner" time="557.133">
    <system-out><![CDATA[
Scenario: Check the Internet Speed in a particular time interval                           # src/test/resources/FeatureFiles/TestSpeed.feature:3
  Given User is on HomePage of URL "https://www.speedtest.net/"                            # stepDefs.HomePageStepDef.user_is_on_HomePage_of_URL(java.lang.String)
  When Validate that home page heading is displayed                                        # stepDefs.HomePageStepDef.validate_that_home_page_heading_is_displayed()
User Input of total monitoring time: 0.167
User input of the interval time: 2
count5
Result Display time 36537milisec
Result Display time 35955milisec
  Then User checks Internet Speed in a particular time interval                            # stepDefs.HomePageStepDef.user_checks_Internet_Speed_in_a_particular_time_interval()
  And User click on the Result button and download the Result                              # stepDefs.HomePageStepDef.user_click_on_the_Result_button_and_download_the_Result()
Number of Rows 4
  Then Validate that the result file is downloaded                                         # stepDefs.HomePageStepDef.validate_that_the_result_file_is_downloaded()
=====Email Sent=====
  And User mail the result file from user "tanudance01@gmail.com" and password "Pallavi1!" # stepDefs.HomePageStepDef.user_mail_the_result_file_from_user_and_password(java.lang.String,java.lang.String)
]]></system-out>
    <system-err><![CDATA[Starting ChromeDriver 91.0.4472.101 (af52a90bf87030dd1523486a1cd3ae25c5d76c9b-refs/branch-heads/4472@{#1462}) on port 10152
Only local connections are allowed.
Please see https://chromedriver.chromium.org/security-considerations for suggestions on keeping ChromeDriver safe.
ChromeDriver was started successfully.
[1629745536.958][WARNING]: This version of ChromeDriver has not been tested with Chrome version 92.
Aug 24, 2021 12:35:36 AM org.openqa.selenium.remote.ProtocolHandshake createSession
INFO: Detected dialect: W3C
]]></system-err>
  </testcase>
</testsuite>