<?xml version="1.0" encoding="UTF-8"?>
<testng-results ignored="0" total="1" passed="1" failed="0" skipped="0">
  <reporter-output>
  </reporter-output>
  <suite started-at="2021-08-24T00:35:34 IST" name="Suite" finished-at="2021-08-24T00:44:52 IST" duration-ms="557923">
    <groups>
      <group name="cucumber">
        <method signature="AbstractTestNGCucumberTests.runScenario(io.cucumber.testng.PickleWrapper, io.cucumber.testng.FeatureWrapper)[pri:0, instance:testRunner.TestRunner@66498326]" name="runScenario" class="io.cucumber.testng.AbstractTestNGCucumberTests"/>
      </group> <!-- cucumber -->
    </groups>
    <test started-at="2021-08-24T00:35:34 IST" name="Test" finished-at="2021-08-24T00:44:52 IST" duration-ms="557923">
      <class name="testRunner.TestRunner">
        <test-method is-config="true" signature="setUpClass()[pri:0, instance:testRunner.TestRunner@66498326]" started-at="2021-08-24T00:35:34 IST" name="setUpClass" finished-at="2021-08-24T00:35:35 IST" duration-ms="626" status="PASS">
          <reporter-output>
          </reporter-output>
        </test-method> <!-- setUpClass -->
        <test-method signature="runScenario(io.cucumber.testng.PickleWrapper, io.cucumber.testng.FeatureWrapper)[pri:0, instance:testRunner.TestRunner@66498326]" started-at="2021-08-24T00:35:35 IST" name="runScenario" description="Runs Cucumber Scenarios" data-provider="scenarios" finished-at="2021-08-24T00:44:52 IST" duration-ms="556869" status="PASS">
          <params>
            <param index="0">
              <value>
                <![CDATA["Check the Internet Speed in a particular time interval"]]>
              </value>
            </param>
            <param index="1">
              <value>
                <![CDATA["Optional[Check the Internet Speed]"]]>
              </value>
            </param>
          </params>
          <reporter-output>
          </reporter-output>
        </test-method> <!-- runScenario -->
        <test-method is-config="true" signature="tearDownClass()[pri:0, instance:testRunner.TestRunner@66498326]" started-at="2021-08-24T00:44:52 IST" name="tearDownClass" finished-at="2021-08-24T00:44:52 IST" duration-ms="384" status="PASS">
          <reporter-output>
          </reporter-output>
        </test-method> <!-- tearDownClass -->
      </class> <!-- testRunner.TestRunner -->
    </test> <!-- Test -->
  </suite> <!-- Suite -->
</testng-results>
