<?xml version="1.0" encoding="UTF-8"?>
<testng-results ignored="0" total="1" passed="1" failed="0" skipped="0">
  <reporter-output>
  </reporter-output>
  <suite started-at="2021-08-10T00:55:57 IST" name="Default suite" finished-at="2021-08-10T00:58:29 IST" duration-ms="151414">
    <groups>
      <group name="cucumber">
        <method signature="AbstractTestNGCucumberTests.runScenario(io.cucumber.testng.PickleWrapper, io.cucumber.testng.FeatureWrapper)[pri:0, instance:testRunner.TestRunner@3b0fe47a]" name="runScenario" class="io.cucumber.testng.AbstractTestNGCucumberTests"/>
      </group> <!-- cucumber -->
    </groups>
    <test started-at="2021-08-10T00:55:57 IST" name="Default test" finished-at="2021-08-10T00:58:29 IST" duration-ms="151414">
      <class name="testRunner.TestRunner">
        <test-method is-config="true" signature="setUpClass()[pri:0, instance:testRunner.TestRunner@3b0fe47a]" started-at="2021-08-10T00:55:57 IST" name="setUpClass" finished-at="2021-08-10T00:55:58 IST" duration-ms="811" status="PASS">
          <reporter-output>
          </reporter-output>
        </test-method> <!-- setUpClass -->
        <test-method signature="runScenario(io.cucumber.testng.PickleWrapper, io.cucumber.testng.FeatureWrapper)[pri:0, instance:testRunner.TestRunner@3b0fe47a]" started-at="2021-08-10T00:55:58 IST" name="runScenario" description="Runs Cucumber Scenarios" data-provider="scenarios" finished-at="2021-08-10T00:58:28 IST" duration-ms="150061" status="PASS">
          <params>
            <param index="0">
              <value>
                <![CDATA["Check the Internet Speed in a particular time interval"]]>
              </value>
            </param>
            <param index="1">
              <value>
                <![CDATA["Optional[Check the Internet Speed]"]]>
              </value>
            </param>
          </params>
          <reporter-output>
          </reporter-output>
        </test-method> <!-- runScenario -->
        <test-method is-config="true" signature="tearDownClass()[pri:0, instance:testRunner.TestRunner@3b0fe47a]" started-at="2021-08-10T00:58:28 IST" name="tearDownClass" finished-at="2021-08-10T00:58:29 IST" duration-ms="496" status="PASS">
          <reporter-output>
          </reporter-output>
        </test-method> <!-- tearDownClass -->
      </class> <!-- testRunner.TestRunner -->
    </test> <!-- Default test -->
  </suite> <!-- Default suite -->
</testng-results>
